2025-11-06 14:22:51,607 - Admin - INFO - ===========STARTING TOP 0 PREDICTION===========
2025-11-06 14:22:56,387 - Admin - INFO - Starting As2CdO6
2025-11-06 14:23:04,351 - Admin - INFO - Finish As2CdO6 geometry optimization in 19 steps with minimized force 0.000063
2025-11-06 14:23:04,355 - Admin - INFO - Starting AsCd2O6
2025-11-06 14:23:07,103 - Admin - INFO - Finish AsCd2O6 geometry optimization in 22 steps with minimized force 0.000148
2025-11-06 14:23:07,106 - Admin - INFO - Starting As6CdO2
2025-11-06 14:23:11,460 - Admin - INFO - Finish As6CdO2 geometry optimization in 35 steps with minimized force 0.000122
2025-11-06 14:23:11,462 - Admin - INFO - Starting AsCd6O2
2025-11-06 14:23:14,956 - Admin - INFO - Finish AsCd6O2 geometry optimization in 29 steps with minimized force 0.000055
2025-11-06 14:23:14,958 - Admin - INFO - Starting As6Cd2O
2025-11-06 14:23:19,368 - Admin - INFO - Finish As6Cd2O geometry optimization in 38 steps with minimized force 0.000526
2025-11-06 14:23:19,370 - Admin - INFO - Starting As2Cd6O
2025-11-06 14:23:23,608 - Admin - INFO - Finish As2Cd6O geometry optimization in 33 steps with minimized force 0.000250
2025-11-06 14:23:23,610 - Admin - INFO - ===========STARTING TOP 1 PREDICTION===========
2025-11-06 14:23:26,596 - Admin - INFO - ===========STARTING TOP 2 PREDICTION===========
2025-11-06 14:23:27,381 - Admin - INFO - Starting As12Cd2O4
2025-11-06 14:23:37,718 - Admin - INFO - Finish As12Cd2O4 geometry optimization in 80 steps with minimized force 0.001033
2025-11-06 14:23:37,720 - Admin - INFO - Starting As4Cd2O12
2025-11-06 14:23:46,685 - Admin - INFO - Finish As4Cd2O12 geometry optimization in 66 steps with minimized force 0.001054
2025-11-06 14:23:46,687 - Admin - INFO - Starting As12Cd4O2
2025-11-06 14:23:54,225 - Admin - INFO - Finish As12Cd4O2 geometry optimization in 51 steps with minimized force 0.000756
2025-11-06 14:23:54,227 - Admin - INFO - Starting As2Cd4O12
2025-11-06 14:24:02,462 - Admin - INFO - Finish As2Cd4O12 geometry optimization in 59 steps with minimized force 0.000525
2025-11-06 14:24:02,464 - Admin - INFO - Starting As2Cd12O4
2025-11-06 14:24:06,814 - Admin - INFO - Finish As2Cd12O4 geometry optimization in 34 steps with minimized force 0.000184
2025-11-06 14:24:06,816 - Admin - INFO - Starting As4Cd12O2
2025-11-06 14:24:12,369 - Admin - INFO - Finish As4Cd12O2 geometry optimization in 41 steps with minimized force 0.000298
2025-11-06 14:24:14,351 - Admin - INFO - Structure index: 0, formula: Cd1As2O6, DTW score: 134.16802918237494
2025-11-06 14:24:14,902 - Admin - INFO - Structure index: 1, formula: Cd2As1O6, DTW score: 271.14989993186475
2025-11-06 14:24:15,436 - Admin - INFO - Structure index: 2, formula: Cd1As6O2, DTW score: 375.52701412954696
2025-11-06 14:24:16,028 - Admin - INFO - Structure index: 3, formula: Cd6As1O2, DTW score: 459.1111779037627
2025-11-06 14:24:16,594 - Admin - INFO - Structure index: 4, formula: Cd2As6O1, DTW score: 449.9443752668634
2025-11-06 14:24:17,161 - Admin - INFO - Structure index: 5, formula: Cd6As2O1, DTW score: 454.51564176955685
2025-11-06 14:24:17,815 - Admin - INFO - Structure index: 6, formula: Cd4As12O2, DTW score: 594.9465657957571
2025-11-06 14:24:18,390 - Admin - INFO - Structure index: 7, formula: Cd4As2O12, DTW score: 441.80350309088954
2025-11-06 14:24:18,994 - Admin - INFO - Structure index: 8, formula: Cd12As2O4, DTW score: 417.1979538956278
2025-11-06 14:24:19,633 - Admin - INFO - Structure index: 9, formula: Cd12As4O2, DTW score: 462.67485654835565
2025-11-06 14:24:19,859 - Admin - INFO - ==============GROUND TRUTH SUMMARY==============
2025-11-06 14:24:19,861 - Admin - INFO - The 1st similar structure index according DTW is 0,  score is 134.17, similarity s 55.283936 %
2025-11-06 14:24:19,863 - Admin - INFO - The 2nd similar structure index according DTW is 1,  score is 271.15, similarity s 8.885650 %
2025-11-06 14:24:19,864 - Admin - INFO - The 3rd similar structure index according DTW is 2,  score is 375.53, similarity s 0.962757 %
